

Started GET "/articles" for 127.0.0.1 at 2016-12-05 12:32:23 +0300

ActiveRecord::PendingMigrationError (

Migrations are pending. To resolve this issue, run:

	bin/rake db:migrate RAILS_ENV=development

):
  activerecord (4.1.6) lib/active_record/migration.rb:389:in `check_pending!'
  activerecord (4.1.6) lib/active_record/migration.rb:377:in `call'
  actionpack (4.1.6) lib/action_dispatch/middleware/callbacks.rb:29:in `block in call'
  activesupport (4.1.6) lib/active_support/callbacks.rb:82:in `run_callbacks'
  actionpack (4.1.6) lib/action_dispatch/middleware/callbacks.rb:27:in `call'
  actionpack (4.1.6) lib/action_dispatch/middleware/reloader.rb:73:in `call'
  actionpack (4.1.6) lib/action_dispatch/middleware/remote_ip.rb:76:in `call'
  actionpack (4.1.6) lib/action_dispatch/middleware/debug_exceptions.rb:17:in `call'
  actionpack (4.1.6) lib/action_dispatch/middleware/show_exceptions.rb:30:in `call'
  railties (4.1.6) lib/rails/rack/logger.rb:38:in `call_app'
  railties (4.1.6) lib/rails/rack/logger.rb:20:in `block in call'
  activesupport (4.1.6) lib/active_support/tagged_logging.rb:68:in `block in tagged'
  activesupport (4.1.6) lib/active_support/tagged_logging.rb:26:in `tagged'
  activesupport (4.1.6) lib/active_support/tagged_logging.rb:68:in `tagged'
  railties (4.1.6) lib/rails/rack/logger.rb:20:in `call'
  actionpack (4.1.6) lib/action_dispatch/middleware/request_id.rb:21:in `call'
  rack (1.5.2) lib/rack/methodoverride.rb:21:in `call'
  rack (1.5.2) lib/rack/runtime.rb:17:in `call'
  activesupport (4.1.6) lib/active_support/cache/strategy/local_cache_middleware.rb:26:in `call'
  rack (1.5.2) lib/rack/lock.rb:17:in `call'
  actionpack (4.1.6) lib/action_dispatch/middleware/static.rb:64:in `call'
  rack (1.5.2) lib/rack/sendfile.rb:112:in `call'
  railties (4.1.6) lib/rails/engine.rb:514:in `call'
  railties (4.1.6) lib/rails/application.rb:144:in `call'
  rack (1.5.2) lib/rack/lock.rb:17:in `call'
  rack (1.5.2) lib/rack/content_length.rb:14:in `call'
  rack (1.5.2) lib/rack/handler/webrick.rb:60:in `service'
  /home/mikhail/.rbenv/versions/2.3.1/lib/ruby/2.3.0/webrick/httpserver.rb:140:in `service'
  /home/mikhail/.rbenv/versions/2.3.1/lib/ruby/2.3.0/webrick/httpserver.rb:96:in `run'
  /home/mikhail/.rbenv/versions/2.3.1/lib/ruby/2.3.0/webrick/server.rb:296:in `block in start_thread'


  Rendered /home/mikhail/.rbenv/versions/2.3.1/lib/ruby/gems/2.3.0/gems/actionpack-4.1.6/lib/action_dispatch/middleware/templates/rescues/_source.erb (0.6ms)
  Rendered /home/mikhail/.rbenv/versions/2.3.1/lib/ruby/gems/2.3.0/gems/actionpack-4.1.6/lib/action_dispatch/middleware/templates/rescues/_trace.html.erb (1.3ms)
  Rendered /home/mikhail/.rbenv/versions/2.3.1/lib/ruby/gems/2.3.0/gems/actionpack-4.1.6/lib/action_dispatch/middleware/templates/rescues/_request_and_response.html.erb (1.0ms)
  Rendered /home/mikhail/.rbenv/versions/2.3.1/lib/ruby/gems/2.3.0/gems/actionpack-4.1.6/lib/action_dispatch/middleware/templates/rescues/diagnostics.erb within rescues/layout (21.5ms)


Started GET "/" for 127.0.0.1 at 2016-12-05 12:32:26 +0300

ActiveRecord::PendingMigrationError (

Migrations are pending. To resolve this issue, run:

	bin/rake db:migrate RAILS_ENV=development

):
  activerecord (4.1.6) lib/active_record/migration.rb:389:in `check_pending!'
  activerecord (4.1.6) lib/active_record/migration.rb:377:in `call'
  actionpack (4.1.6) lib/action_dispatch/middleware/callbacks.rb:29:in `block in call'
  activesupport (4.1.6) lib/active_support/callbacks.rb:82:in `run_callbacks'
  actionpack (4.1.6) lib/action_dispatch/middleware/callbacks.rb:27:in `call'
  actionpack (4.1.6) lib/action_dispatch/middleware/reloader.rb:73:in `call'
  actionpack (4.1.6) lib/action_dispatch/middleware/remote_ip.rb:76:in `call'
  actionpack (4.1.6) lib/action_dispatch/middleware/debug_exceptions.rb:17:in `call'
  actionpack (4.1.6) lib/action_dispatch/middleware/show_exceptions.rb:30:in `call'
  railties (4.1.6) lib/rails/rack/logger.rb:38:in `call_app'
  railties (4.1.6) lib/rails/rack/logger.rb:20:in `block in call'
  activesupport (4.1.6) lib/active_support/tagged_logging.rb:68:in `block in tagged'
  activesupport (4.1.6) lib/active_support/tagged_logging.rb:26:in `tagged'
  activesupport (4.1.6) lib/active_support/tagged_logging.rb:68:in `tagged'
  railties (4.1.6) lib/rails/rack/logger.rb:20:in `call'
  actionpack (4.1.6) lib/action_dispatch/middleware/request_id.rb:21:in `call'
  rack (1.5.2) lib/rack/methodoverride.rb:21:in `call'
  rack (1.5.2) lib/rack/runtime.rb:17:in `call'
  activesupport (4.1.6) lib/active_support/cache/strategy/local_cache_middleware.rb:26:in `call'
  rack (1.5.2) lib/rack/lock.rb:17:in `call'
  actionpack (4.1.6) lib/action_dispatch/middleware/static.rb:64:in `call'
  rack (1.5.2) lib/rack/sendfile.rb:112:in `call'
  railties (4.1.6) lib/rails/engine.rb:514:in `call'
  railties (4.1.6) lib/rails/application.rb:144:in `call'
  rack (1.5.2) lib/rack/lock.rb:17:in `call'
  rack (1.5.2) lib/rack/content_length.rb:14:in `call'
  rack (1.5.2) lib/rack/handler/webrick.rb:60:in `service'
  /home/mikhail/.rbenv/versions/2.3.1/lib/ruby/2.3.0/webrick/httpserver.rb:140:in `service'
  /home/mikhail/.rbenv/versions/2.3.1/lib/ruby/2.3.0/webrick/httpserver.rb:96:in `run'
  /home/mikhail/.rbenv/versions/2.3.1/lib/ruby/2.3.0/webrick/server.rb:296:in `block in start_thread'


  Rendered /home/mikhail/.rbenv/versions/2.3.1/lib/ruby/gems/2.3.0/gems/actionpack-4.1.6/lib/action_dispatch/middleware/templates/rescues/_source.erb (1.0ms)
  Rendered /home/mikhail/.rbenv/versions/2.3.1/lib/ruby/gems/2.3.0/gems/actionpack-4.1.6/lib/action_dispatch/middleware/templates/rescues/_trace.html.erb (1.0ms)
  Rendered /home/mikhail/.rbenv/versions/2.3.1/lib/ruby/gems/2.3.0/gems/actionpack-4.1.6/lib/action_dispatch/middleware/templates/rescues/_request_and_response.html.erb (3.3ms)
  Rendered /home/mikhail/.rbenv/versions/2.3.1/lib/ruby/gems/2.3.0/gems/actionpack-4.1.6/lib/action_dispatch/middleware/templates/rescues/diagnostics.erb within rescues/layout (24.6ms)


Started GET "/articles" for 127.0.0.1 at 2016-12-05 12:34:42 +0300

ActiveRecord::PendingMigrationError (

Migrations are pending. To resolve this issue, run:

	bin/rake db:migrate RAILS_ENV=development

):
  activerecord (4.1.6) lib/active_record/migration.rb:389:in `check_pending!'
  activerecord (4.1.6) lib/active_record/migration.rb:377:in `call'
  actionpack (4.1.6) lib/action_dispatch/middleware/callbacks.rb:29:in `block in call'
  activesupport (4.1.6) lib/active_support/callbacks.rb:82:in `run_callbacks'
  actionpack (4.1.6) lib/action_dispatch/middleware/callbacks.rb:27:in `call'
  actionpack (4.1.6) lib/action_dispatch/middleware/reloader.rb:73:in `call'
  actionpack (4.1.6) lib/action_dispatch/middleware/remote_ip.rb:76:in `call'
  actionpack (4.1.6) lib/action_dispatch/middleware/debug_exceptions.rb:17:in `call'
  actionpack (4.1.6) lib/action_dispatch/middleware/show_exceptions.rb:30:in `call'
  railties (4.1.6) lib/rails/rack/logger.rb:38:in `call_app'
  railties (4.1.6) lib/rails/rack/logger.rb:20:in `block in call'
  activesupport (4.1.6) lib/active_support/tagged_logging.rb:68:in `block in tagged'
  activesupport (4.1.6) lib/active_support/tagged_logging.rb:26:in `tagged'
  activesupport (4.1.6) lib/active_support/tagged_logging.rb:68:in `tagged'
  railties (4.1.6) lib/rails/rack/logger.rb:20:in `call'
  actionpack (4.1.6) lib/action_dispatch/middleware/request_id.rb:21:in `call'
  rack (1.5.2) lib/rack/methodoverride.rb:21:in `call'
  rack (1.5.2) lib/rack/runtime.rb:17:in `call'
  activesupport (4.1.6) lib/active_support/cache/strategy/local_cache_middleware.rb:26:in `call'
  rack (1.5.2) lib/rack/lock.rb:17:in `call'
  actionpack (4.1.6) lib/action_dispatch/middleware/static.rb:64:in `call'
  rack (1.5.2) lib/rack/sendfile.rb:112:in `call'
  railties (4.1.6) lib/rails/engine.rb:514:in `call'
  railties (4.1.6) lib/rails/application.rb:144:in `call'
  rack (1.5.2) lib/rack/lock.rb:17:in `call'
  rack (1.5.2) lib/rack/content_length.rb:14:in `call'
  rack (1.5.2) lib/rack/handler/webrick.rb:60:in `service'
  /home/mikhail/.rbenv/versions/2.3.1/lib/ruby/2.3.0/webrick/httpserver.rb:140:in `service'
  /home/mikhail/.rbenv/versions/2.3.1/lib/ruby/2.3.0/webrick/httpserver.rb:96:in `run'
  /home/mikhail/.rbenv/versions/2.3.1/lib/ruby/2.3.0/webrick/server.rb:296:in `block in start_thread'


  Rendered /home/mikhail/.rbenv/versions/2.3.1/lib/ruby/gems/2.3.0/gems/actionpack-4.1.6/lib/action_dispatch/middleware/templates/rescues/_source.erb (0.7ms)
  Rendered /home/mikhail/.rbenv/versions/2.3.1/lib/ruby/gems/2.3.0/gems/actionpack-4.1.6/lib/action_dispatch/middleware/templates/rescues/_trace.html.erb (1.1ms)
  Rendered /home/mikhail/.rbenv/versions/2.3.1/lib/ruby/gems/2.3.0/gems/actionpack-4.1.6/lib/action_dispatch/middleware/templates/rescues/_request_and_response.html.erb (1.5ms)
  Rendered /home/mikhail/.rbenv/versions/2.3.1/lib/ruby/gems/2.3.0/gems/actionpack-4.1.6/lib/action_dispatch/middleware/templates/rescues/diagnostics.erb within rescues/layout (21.5ms)
  [1m[36m (92.9ms)[0m  [1mCREATE TABLE "schema_migrations" ("version" varchar(255) NOT NULL) [0m
  [1m[35m (0.1ms)[0m  select sqlite_version(*)
  [1m[36m (100.4ms)[0m  [1mCREATE UNIQUE INDEX "unique_schema_migrations" ON "schema_migrations" ("version")[0m
  [1m[35mActiveRecord::SchemaMigration Load (0.1ms)[0m  SELECT "schema_migrations".* FROM "schema_migrations"
Migrating to CreateArticles (20141014190230)
  [1m[36m (0.2ms)[0m  [1mbegin transaction[0m
  [1m[35m (0.4ms)[0m  CREATE TABLE "articles" ("id" INTEGER PRIMARY KEY AUTOINCREMENT NOT NULL, "title" varchar(255), "text" text, "created_at" datetime, "updated_at" datetime) 
  [1m[36mSQL (0.2ms)[0m  [1mINSERT INTO "schema_migrations" ("version") VALUES (?)[0m  [["version", "20141014190230"]]
  [1m[35m (112.5ms)[0m  commit transaction
Migrating to CreateContacts (20141016183232)
  [1m[36m (0.1ms)[0m  [1mbegin transaction[0m
  [1m[35m (0.3ms)[0m  CREATE TABLE "contacts" ("id" INTEGER PRIMARY KEY AUTOINCREMENT NOT NULL, "email" varchar(255), "message" text, "created_at" datetime, "updated_at" datetime) 
  [1m[36mSQL (0.1ms)[0m  [1mINSERT INTO "schema_migrations" ("version") VALUES (?)[0m  [["version", "20141016183232"]]
  [1m[35m (98.9ms)[0m  commit transaction
  [1m[36mActiveRecord::SchemaMigration Load (0.1ms)[0m  [1mSELECT "schema_migrations".* FROM "schema_migrations"[0m


Started GET "/articles" for 127.0.0.1 at 2016-12-05 12:36:33 +0300
  [1m[36mActiveRecord::SchemaMigration Load (0.3ms)[0m  [1mSELECT "schema_migrations".* FROM "schema_migrations"[0m
Processing by ArticlesController#index as HTML
  [1m[35mArticle Load (0.2ms)[0m  SELECT "articles".* FROM "articles"
  Rendered articles/index.html.erb within layouts/application (1.2ms)
Completed 200 OK in 2009ms (Views: 1994.0ms | ActiveRecord: 0.2ms)


Started GET "/assets/articles.css?body=1" for 127.0.0.1 at 2016-12-05 12:36:36 +0300


Started GET "/assets/home.css?body=1" for 127.0.0.1 at 2016-12-05 12:36:36 +0300


Started GET "/assets/contacts.css?body=1" for 127.0.0.1 at 2016-12-05 12:36:36 +0300


Started GET "/assets/application.css?body=1" for 127.0.0.1 at 2016-12-05 12:36:36 +0300


Started GET "/assets/jquery.js?body=1" for 127.0.0.1 at 2016-12-05 12:36:36 +0300


Started GET "/assets/pages.css?body=1" for 127.0.0.1 at 2016-12-05 12:36:36 +0300


Started GET "/assets/jquery_ujs.js?body=1" for 127.0.0.1 at 2016-12-05 12:36:36 +0300


Started GET "/assets/turbolinks.js?body=1" for 127.0.0.1 at 2016-12-05 12:36:36 +0300


Started GET "/assets/articles.js?body=1" for 127.0.0.1 at 2016-12-05 12:36:36 +0300


Started GET "/assets/contacts.js?body=1" for 127.0.0.1 at 2016-12-05 12:36:36 +0300


Started GET "/assets/home.js?body=1" for 127.0.0.1 at 2016-12-05 12:36:36 +0300


Started GET "/assets/pages.js?body=1" for 127.0.0.1 at 2016-12-05 12:36:36 +0300


Started GET "/assets/application.js?body=1" for 127.0.0.1 at 2016-12-05 12:36:36 +0300


Started GET "/articles/new" for 127.0.0.1 at 2016-12-05 12:36:42 +0300
Processing by ArticlesController#new as HTML
  Rendered articles/new.html.erb within layouts/application (16.4ms)
Completed 200 OK in 82ms (Views: 81.2ms | ActiveRecord: 0.0ms)


Started GET "/assets/articles.css?body=1" for 127.0.0.1 at 2016-12-05 12:36:42 +0300


Started GET "/assets/contacts.css?body=1" for 127.0.0.1 at 2016-12-05 12:36:42 +0300


Started GET "/assets/home.css?body=1" for 127.0.0.1 at 2016-12-05 12:36:42 +0300


Started GET "/assets/pages.css?body=1" for 127.0.0.1 at 2016-12-05 12:36:42 +0300


Started GET "/assets/application.css?body=1" for 127.0.0.1 at 2016-12-05 12:36:42 +0300


Started GET "/assets/jquery.js?body=1" for 127.0.0.1 at 2016-12-05 12:36:42 +0300


Started GET "/assets/jquery_ujs.js?body=1" for 127.0.0.1 at 2016-12-05 12:36:42 +0300


Started GET "/assets/turbolinks.js?body=1" for 127.0.0.1 at 2016-12-05 12:36:42 +0300


Started GET "/assets/articles.js?body=1" for 127.0.0.1 at 2016-12-05 12:36:42 +0300


Started GET "/assets/contacts.js?body=1" for 127.0.0.1 at 2016-12-05 12:36:42 +0300


Started GET "/assets/home.js?body=1" for 127.0.0.1 at 2016-12-05 12:36:42 +0300


Started GET "/assets/pages.js?body=1" for 127.0.0.1 at 2016-12-05 12:36:42 +0300


Started GET "/assets/application.js?body=1" for 127.0.0.1 at 2016-12-05 12:36:42 +0300


Started POST "/articles" for 127.0.0.1 at 2016-12-05 12:36:55 +0300
Processing by ArticlesController#create as HTML
  Parameters: {"utf8"=>"✓", "authenticity_token"=>"caccdaT2unNUn2Xfptrl54yUeSRIZe2/rMDtpc+Gp7I=", "article"=>{"title"=>"Bla-bla", "text"=>"Hello"}, "commit"=>"Save Article"}
  [1m[36m (0.4ms)[0m  [1mbegin transaction[0m
  [1m[35mSQL (0.4ms)[0m  INSERT INTO "articles" ("created_at", "text", "title", "updated_at") VALUES (?, ?, ?, ?)  [["created_at", "2016-12-05 09:36:55.840753"], ["text", "Hello"], ["title", "Bla-bla"], ["updated_at", "2016-12-05 09:36:55.840753"]]
  [1m[36m (161.2ms)[0m  [1mcommit transaction[0m
Redirected to http://localhost:3000/articles/1
Completed 302 Found in 182ms (ActiveRecord: 162.7ms)


Started GET "/articles/1" for 127.0.0.1 at 2016-12-05 12:36:56 +0300
Processing by ArticlesController#show as HTML
  Parameters: {"id"=>"1"}
  [1m[35mArticle Load (0.3ms)[0m  SELECT  "articles".* FROM "articles"  WHERE "articles"."id" = ? LIMIT 1  [["id", 1]]
  Rendered articles/show.html.erb within layouts/application (1.0ms)
Completed 200 OK in 70ms (Views: 66.4ms | ActiveRecord: 0.3ms)


Started GET "/assets/articles.css?body=1" for 127.0.0.1 at 2016-12-05 12:36:56 +0300


Started GET "/assets/contacts.css?body=1" for 127.0.0.1 at 2016-12-05 12:36:56 +0300


Started GET "/assets/jquery.js?body=1" for 127.0.0.1 at 2016-12-05 12:36:56 +0300


Started GET "/assets/home.css?body=1" for 127.0.0.1 at 2016-12-05 12:36:56 +0300


Started GET "/assets/application.css?body=1" for 127.0.0.1 at 2016-12-05 12:36:56 +0300


Started GET "/assets/pages.css?body=1" for 127.0.0.1 at 2016-12-05 12:36:56 +0300


Started GET "/assets/contacts.js?body=1" for 127.0.0.1 at 2016-12-05 12:36:56 +0300


Started GET "/assets/articles.js?body=1" for 127.0.0.1 at 2016-12-05 12:36:56 +0300


Started GET "/assets/jquery_ujs.js?body=1" for 127.0.0.1 at 2016-12-05 12:36:56 +0300


Started GET "/assets/pages.js?body=1" for 127.0.0.1 at 2016-12-05 12:36:56 +0300


Started GET "/assets/turbolinks.js?body=1" for 127.0.0.1 at 2016-12-05 12:36:56 +0300


Started GET "/assets/application.js?body=1" for 127.0.0.1 at 2016-12-05 12:36:56 +0300


Started GET "/assets/home.js?body=1" for 127.0.0.1 at 2016-12-05 12:36:56 +0300


Started GET "/articles" for 127.0.0.1 at 2016-12-05 12:37:03 +0300
Processing by ArticlesController#index as HTML
  [1m[36mArticle Load (0.3ms)[0m  [1mSELECT "articles".* FROM "articles"[0m
  Rendered articles/index.html.erb within layouts/application (1.7ms)
Completed 200 OK in 79ms (Views: 77.3ms | ActiveRecord: 0.3ms)


Started GET "/assets/articles.css?body=1" for 127.0.0.1 at 2016-12-05 12:37:03 +0300


Started GET "/assets/contacts.css?body=1" for 127.0.0.1 at 2016-12-05 12:37:03 +0300


Started GET "/assets/home.css?body=1" for 127.0.0.1 at 2016-12-05 12:37:03 +0300


Started GET "/assets/pages.css?body=1" for 127.0.0.1 at 2016-12-05 12:37:03 +0300


Started GET "/assets/application.css?body=1" for 127.0.0.1 at 2016-12-05 12:37:03 +0300


Started GET "/assets/jquery.js?body=1" for 127.0.0.1 at 2016-12-05 12:37:03 +0300


Started GET "/assets/jquery_ujs.js?body=1" for 127.0.0.1 at 2016-12-05 12:37:03 +0300


Started GET "/assets/turbolinks.js?body=1" for 127.0.0.1 at 2016-12-05 12:37:03 +0300


Started GET "/assets/articles.js?body=1" for 127.0.0.1 at 2016-12-05 12:37:03 +0300


Started GET "/assets/contacts.js?body=1" for 127.0.0.1 at 2016-12-05 12:37:03 +0300


Started GET "/assets/home.js?body=1" for 127.0.0.1 at 2016-12-05 12:37:03 +0300


Started GET "/assets/pages.js?body=1" for 127.0.0.1 at 2016-12-05 12:37:03 +0300


Started GET "/assets/application.js?body=1" for 127.0.0.1 at 2016-12-05 12:37:03 +0300
